<?xml version="1.0" encoding="UTF-8"?>
<testng-results skipped="0" failed="0" ignored="0" total="1" passed="1">
  <reporter-output>
  </reporter-output>
  <suite name="Default suite" duration-ms="9183" started-at="2021-07-05T13:16:31 CDT" finished-at="2021-07-05T13:16:41 CDT">
    <groups>
    </groups>
    <test name="Default test" duration-ms="9183" started-at="2021-07-05T13:16:31 CDT" finished-at="2021-07-05T13:16:41 CDT">
      <class name="test.AddCustomerTest">
        <test-method status="PASS" signature="validUserShouldBeAbleToCreateCustomer()[pri:0, instance:test.AddCustomerTest@1786dec2]" name="validUserShouldBeAbleToCreateCustomer" duration-ms="9155" started-at="2021-07-05T13:16:31 CDT" finished-at="2021-07-05T13:16:41 CDT">
          <reporter-output>
          </reporter-output>
        </test-method> <!-- validUserShouldBeAbleToCreateCustomer -->
      </class> <!-- test.AddCustomerTest -->
    </test> <!-- Default test -->
  </suite> <!-- Default suite -->
</testng-results>
